<?xml version="1.0" encoding="UTF-8"?>
<testng-results ignored="0" total="1" passed="1" failed="0" skipped="0">
  <reporter-output>
  </reporter-output>
  <suite started-at="2022-07-22T11:47:16 EDT" name="TestSuite1" finished-at="2022-07-22T11:47:26 EDT" duration-ms="9509">
    <groups>
      <group name="cucumber">
        <method signature="AbstractTestNGCucumberTests.runScenario(io.cucumber.testng.PickleWrapper,io.cucumber.testng.FeatureWrapper)[pri:0, instance:runner.GetAllUsersRunner@179ece50]" name="runScenario" class="io.cucumber.testng.AbstractTestNGCucumberTests"/>
      </group> <!-- cucumber -->
    </groups>
    <test started-at="2022-07-22T11:47:16 EDT" name="Dietician Users API" finished-at="2022-07-22T11:47:26 EDT" duration-ms="9509">
      <class name="runner.GetAllUsersRunner">
        <test-method is-config="true" signature="setUpClass(org.testng.ITestContext)[pri:0, instance:runner.GetAllUsersRunner@179ece50]" started-at="2022-07-22T11:47:16 EDT" name="setUpClass" finished-at="2022-07-22T11:47:18 EDT" duration-ms="1513" status="PASS">
          <params>
            <param index="0">
              <value>
                <![CDATA[org.testng.TestRunner@3a13f663]]>
              </value>
            </param>
          </params>
          <reporter-output>
          </reporter-output>
        </test-method> <!-- setUpClass -->
        <test-method signature="runScenario(io.cucumber.testng.PickleWrapper,io.cucumber.testng.FeatureWrapper)[pri:0, instance:runner.GetAllUsersRunner@179ece50]" started-at="2022-07-22T11:47:18 EDT" name="runScenario" description="Runs Cucumber Scenarios" data-provider="scenarios" finished-at="2022-07-22T11:47:22 EDT" duration-ms="4124" status="PASS">
          <params>
            <param index="0">
              <value>
                <![CDATA["User is able to get list of all users"]]>
              </value>
            </param>
            <param index="1">
              <value>
                <![CDATA["Optional[Validate and Test GET request for Users API]"]]>
              </value>
            </param>
          </params>
          <reporter-output>
          </reporter-output>
        </test-method> <!-- runScenario -->
        <test-method is-config="true" signature="tearDownClass()[pri:0, instance:runner.GetAllUsersRunner@179ece50]" started-at="2022-07-22T11:47:22 EDT" name="tearDownClass" finished-at="2022-07-22T11:47:26 EDT" duration-ms="3819" status="PASS">
          <reporter-output>
          </reporter-output>
        </test-method> <!-- tearDownClass -->
      </class> <!-- runner.GetAllUsersRunner -->
    </test> <!-- Dietician Users API -->
  </suite> <!-- TestSuite1 -->
</testng-results>
