<?xml version="1.0" encoding="UTF-8"?>
<testng-results ignored="0" total="1" passed="0" failed="1" skipped="0">
  <reporter-output>
  </reporter-output>
  <suite started-at="2022-07-21T13:30:05 EDT" name="Default suite" finished-at="2022-07-21T13:30:10 EDT" duration-ms="4156">
    <groups>
      <group name="cucumber">
        <method signature="AbstractTestNGCucumberTests.runScenario(io.cucumber.testng.PickleWrapper,io.cucumber.testng.FeatureWrapper)[pri:0, instance:TestRunner.FailedTestRunner@1033576a]" name="runScenario" class="io.cucumber.testng.AbstractTestNGCucumberTests"/>
      </group> <!-- cucumber -->
    </groups>
    <test started-at="2022-07-21T13:30:05 EDT" name="Default test" finished-at="2022-07-21T13:30:10 EDT" duration-ms="4156">
      <class name="TestRunner.FailedTestRunner">
        <test-method is-config="true" signature="setUpClass(org.testng.ITestContext)[pri:0, instance:TestRunner.FailedTestRunner@1033576a]" started-at="2022-07-21T13:30:05 EDT" name="setUpClass" finished-at="2022-07-21T13:30:06 EDT" duration-ms="484" status="PASS">
          <params>
            <param index="0">
              <value>
                <![CDATA[org.testng.TestRunner@585513a8]]>
              </value>
            </param>
          </params>
          <reporter-output>
          </reporter-output>
        </test-method> <!-- setUpClass -->
        <test-method signature="runScenario(io.cucumber.testng.PickleWrapper,io.cucumber.testng.FeatureWrapper)[pri:0, instance:TestRunner.FailedTestRunner@1033576a]" started-at="2022-07-21T13:30:06 EDT" name="runScenario" description="Runs Cucumber Scenarios" data-provider="scenarios" finished-at="2022-07-21T13:30:08 EDT" duration-ms="1659" status="FAIL">
          <params>
            <param index="0">
              <value>
                <![CDATA["Verify if we can get records of User by User Type with invalid credentials"]]>
              </value>
            </param>
            <param index="1">
              <value>
                <![CDATA["Optional[Validate Get User Request for Dietician Users API for User Type - Patient / Dietician]"]]>
              </value>
            </param>
          </params>
          <exception class="java.lang.AssertionError">
            <message>
              <![CDATA[expected [404] but found [401]]]>
            </message>
            <full-stacktrace>
              <![CDATA[java.lang.AssertionError: expected [404] but found [401]
at org.testng.Assert.fail(Assert.java:110)
at org.testng.Assert.failNotEquals(Assert.java:1413)
at org.testng.Assert.assertEqualsImpl(Assert.java:149)
at org.testng.Assert.assertEquals(Assert.java:131)
at org.testng.Assert.assertEquals(Assert.java:1240)
at org.testng.Assert.assertEquals(Assert.java:1274)
at stepdefinitions.GetUser_UserType.status_unauthorized_access_should_be_displayed(GetUser_UserType.java:125)
at ✽.Status 401 Unauthorized access should be displayed(file:///C:/Users/swati/git/DieticianAPI-Hackathon/src/test/resources/features/Users/GetUser_UserType.feature:37)
]]>
            </full-stacktrace>
          </exception> <!-- java.lang.AssertionError -->
          <reporter-output>
          </reporter-output>
        </test-method> <!-- runScenario -->
        <test-method is-config="true" signature="tearDownClass()[pri:0, instance:TestRunner.FailedTestRunner@1033576a]" started-at="2022-07-21T13:30:08 EDT" name="tearDownClass" finished-at="2022-07-21T13:30:10 EDT" duration-ms="1981" status="PASS">
          <reporter-output>
          </reporter-output>
        </test-method> <!-- tearDownClass -->
      </class> <!-- TestRunner.FailedTestRunner -->
    </test> <!-- Default test -->
  </suite> <!-- Default suite -->
</testng-results>
