<?xml version="1.0" encoding="UTF-8"?>
<!-- Generated by org.testng.reporters.JUnitReportReporter -->
<testsuite hostname="MYLAPTOP" failures="0" tests="5" name="runner.TestRunner" time="4.040" errors="1" timestamp="21 Jul 2022 17:35:06 GMT" skipped="0">
  <testcase classname="runner.TestRunner" name="runScenario" time="0.590"/>
  <testcase classname="runner.TestRunner" name="runScenario" time="0.020"/>
  <testcase classname="runner.TestRunner" name="runScenario" time="0.435"/>
  <testcase classname="runner.TestRunner" name="runScenario" time="0.018"/>
  <testcase classname="runner.TestRunner" name="runScenario" time="2.977">
    <error message="Cannot invoke &quot;String.isEmpty()&quot; because &quot;MorbidityTestID&quot; is null" type="java.lang.NullPointerException">
      <![CDATA[java.lang.NullPointerException: Cannot invoke "String.isEmpty()" because "MorbidityTestID" is null
at MorbidityAPI.PostMorbidityAPI.status_ok_should_be_displayed_with_a_auto_generated_with_a_message_morbidity_created_successfully(PostMorbidityAPI.java:86)
at ✽.Status 200 Ok should be displayed with a "MorbidityTestID" (Auto Generated) with a Message Morbidity created successfully.(file:///C:/Users/svatt/git/DieticianAPI-Hackathon/src/test/resources/features/MorbidityFeatures/PostMorbidity.feature:9)
]]>
    </error>
  </testcase> <!-- runScenario -->
</testsuite> <!-- runner.TestRunner -->
