<?xml version="1.0" encoding="UTF-8"?>
<!-- Generated by org.testng.reporters.JUnitReportReporter -->
<testsuite hostname="SwatiP" failures="1" tests="10" name="TestRunner.MyTestRunner" time="2.696" errors="0" timestamp="2022-07-21T13:20:46 EDT" skipped="0">
  <testcase classname="TestRunner.MyTestRunner" name="runScenario" time="0.021"/>
  <system-out/>
  <testcase classname="TestRunner.MyTestRunner" name="runScenario" time="2.174"/>
  <system-out/>
  <testcase classname="TestRunner.MyTestRunner" name="runScenario" time="0.064"/>
  <system-out/>
  <testcase classname="TestRunner.MyTestRunner" name="runScenario" time="0.035"/>
  <system-out/>
  <testcase classname="TestRunner.MyTestRunner" name="runScenario" time="0.037"/>
  <system-out/>
  <testcase classname="TestRunner.MyTestRunner" name="runScenario" time="0.037"/>
  <system-out/>
  <testcase classname="TestRunner.MyTestRunner" name="runScenario" time="0.047">
    <failure message="expected [404] but found [401]" type="java.lang.AssertionError">
      <![CDATA[java.lang.AssertionError: expected [404] but found [401]
at org.testng.Assert.fail(Assert.java:110)
at org.testng.Assert.failNotEquals(Assert.java:1413)
at org.testng.Assert.assertEqualsImpl(Assert.java:149)
at org.testng.Assert.assertEquals(Assert.java:131)
at org.testng.Assert.assertEquals(Assert.java:1240)
at org.testng.Assert.assertEquals(Assert.java:1274)
at stepdefinitions.GetUser_UserType.status_unauthorized_access_should_be_displayed(GetUser_UserType.java:125)
at ✽.Status 401 Unauthorized access should be displayed(file:///C:/Users/swati/git/DieticianAPI-Hackathon/src/test/resources/features/Users/GetUser_UserType.feature:37)
]]>
    </failure>
  </testcase> <!-- runScenario -->
  <system-out/>
  <testcase classname="TestRunner.MyTestRunner" name="runScenario" time="0.036"/>
  <system-out/>
  <testcase classname="TestRunner.MyTestRunner" name="runScenario" time="0.178"/>
  <system-out/>
  <testcase classname="TestRunner.MyTestRunner" name="runScenario" time="0.067"/>
  <system-out/>
</testsuite> <!-- TestRunner.MyTestRunner -->
